<?xml version="1.0" encoding="UTF-8"?>
<!-- Generated by org.testng.reporters.JUnitReportReporter -->
<testsuite hostname="Vamsi" failures="0" tests="1" name="testCases.TC__003__AddProductToCart" time="9.381" errors="0" timestamp="2024-11-07T13:39:25 IST" skipped="0">
  <testcase classname="testCases.TC__003__AddProductToCart" name="Test___AddProductsToCart" time="9.381"/>
</testsuite> <!-- testCases.TC__003__AddProductToCart -->
