<?xml version="1.0" encoding="UTF-8"?>
<!-- Generated by org.testng.reporters.JUnitReportReporter -->
<testsuite hostname="LAPTOP-IDB23VB0" failures="0" tests="1" name="testCases.TC__004__RemoveProductFromCart" time="16.015" errors="0" timestamp="2024-09-11T13:14:28 IST" skipped="0">
  <testcase classname="testCases.TC__004__RemoveProductFromCart" name="Test__RemoveProducts" time="16.015"/>
</testsuite> <!-- testCases.TC__004__RemoveProductFromCart -->
