<?xml version="1.0" encoding="UTF-8"?>
<!-- Generated by org.testng.reporters.JUnitReportReporter -->
<testsuite hostname="LAPTOP-IDB23VB0" failures="0" tests="1" name="testCases.TestPracticeConcepts" time="5.051" errors="0" timestamp="2024-09-12T16:36:44 IST" skipped="0">
  <testcase classname="testCases.TestPracticeConcepts" name="testLogin" time="5.051"/>
</testsuite> <!-- testCases.TestPracticeConcepts -->
