<?xml version="1.0" encoding="UTF-8"?>
<!-- Generated by org.testng.reporters.JUnitReportReporter -->
<testsuite hostname="LAPTOP-IDB23VB0" failures="0" tests="5" name="testCases.TC__002__LoginDDT" time="51.677" errors="0" timestamp="2024-09-12T15:51:57 IST" skipped="0">
  <testcase classname="testCases.TC__002__LoginDDT" name="Test__LoginDDT" time="12.588"/>
  <testcase classname="testCases.TC__002__LoginDDT" name="Test__LoginDDT" time="5.901"/>
  <testcase classname="testCases.TC__002__LoginDDT" name="Test__LoginDDT" time="13.735"/>
  <testcase classname="testCases.TC__002__LoginDDT" name="Test__LoginDDT" time="14.288"/>
  <testcase classname="testCases.TC__002__LoginDDT" name="Test__LoginDDT" time="5.165"/>
</testsuite> <!-- testCases.TC__002__LoginDDT -->
