<?xml version="1.0" encoding="UTF-8"?>
<!-- Generated by org.testng.reporters.JUnitReportReporter -->
<testsuite hostname="Vamsi" failures="0" tests="1" name="testCases.TC__001__LoginTest" time="9.653" errors="0" timestamp="2024-11-07T13:39:25 IST" skipped="0">
  <testcase classname="testCases.TC__001__LoginTest" name="Test__Login" time="9.653"/>
</testsuite> <!-- testCases.TC__001__LoginTest -->
